2022-06-15 09:00:03.657899
Bot online
------------------------------------------------------------ 
 Wednesday, 15 June 09:00

*TODAY'S JOBS:*

*Number jobs per Locksmit*
	- Jamie    : 6
	- Lee      : 6
	- River (a): 6
	- Sean (v) : 6
	- Dan fearn (v) (038): 6
	- Lucy (v) : 5
	- John     : 5
	- John brammer (a): 4
	- Pat smither (a): 4
	- Hannah   : 4
	- Liam (v) : 3
	- Alex     : 3
	- Alex (a) : 2
	- River    : 2
	- Logistics team: 1
	- Dean(v)  : 1

*Today's total locksmiths jobs*: 64

 ------------------------------------------------------------
Process Successful
