2022-06-15 09:00:03.658897
Bot online
------------------------------------------------------------ 
 Wednesday, 15 June 09:00

*TODAY'S CONVERSION:*

*Today's conversion per Broker*
	- Key Assist: 45.45%
	- RAC Technical Claims : 0%
	- WGTK - Trade Referral: 0%
	- WGTK - Keytek: 0%

*Total today's conversion*: 29.41%


*HOUR CONVERSION:*

*Hour conversion per Broker*
	- Key Assist: 45.45%
	- RAC Technical Claims : 0%
	- WGTK - Trade Referral: 0%
	- WGTK - Keytek: 0%

*Total hour conversion*: 31.25%


*STAFF SALES:*

*Today's Sales*
Name            No  Amount
------------  ----  --------
anwarhussain  2     £684.0
richardking   2     £396.0
williamtudde  1     £216.0

*Hour Sales*
Name            No  Amount
------------  ----  --------
richardking   2     £396.0
anwarhussain  1     £324.0
williamtudde  1     £216.0
 ------------------------------------------------------------
Process Successful
