2022-06-15 09:00:03.658897
Bot online
------------------------------------------------------------ 
 Wednesday, 15 June 09:00

*TASKS REPORT:*

*Total Task Closed Today*: 151
*Total Task Closed Last Hour*: 85
*Today's Tasks per Deparment*
	- Sales    : 82
	- Accounts : 47
	- Logistics: 7

*ACTIONS REPORT:*

*Actions completed today*: 531
*Actions completed in the last hour*: 408
*Top 10 for Completed Actions*
	- emmacrowhurst: 134
	- WiktoriaPoloczek: 92
	- anwarhussain: 50
	- KayleighKappAdams: 47
	- williamtuddenham: 37
	- Jasontwiddy: 26
	- danielHumphreys: 22
	- enyadarby: 22
	- richardking: 17
	- simondunthorne: 15
 ------------------------------------------------------------
Process Successful
